c:\users\mathi\desktop\projects\cs\revengecs\x64\release\intermediate\vc143.pdb
c:\users\mathi\desktop\projects\cs\revengecs\x64\release\intermediate\imgui_widgets.obj
c:\users\mathi\desktop\projects\cs\revengecs\x64\release\intermediate\imgui_tables.obj
c:\users\mathi\desktop\projects\cs\revengecs\x64\release\intermediate\imgui_impl_win32.obj
c:\users\mathi\desktop\projects\cs\revengecs\x64\release\intermediate\imgui_impl_dx11.obj
c:\users\mathi\desktop\projects\cs\revengecs\x64\release\intermediate\imgui_draw.obj
c:\users\mathi\desktop\projects\cs\revengecs\x64\release\intermediate\imgui_demo.obj
c:\users\mathi\desktop\projects\cs\revengecs\x64\release\intermediate\imgui.obj
c:\users\mathi\desktop\projects\cs\revengecs\x64\release\intermediate\settingsui.obj
c:\users\mathi\desktop\projects\cs\revengecs\x64\release\intermediate\gamehack.obj
c:\users\mathi\desktop\projects\cs\revengecs\x64\release\intermediate\offsetscanner.obj
c:\users\mathi\desktop\projects\cs\revengecs\x64\release\intermediate\settings.obj
c:\users\mathi\desktop\projects\cs\revengecs\x64\release\intermediate\d3dbackend.obj
c:\users\mathi\desktop\projects\cs\revengecs\x64\release\intermediate\main.obj
c:\users\mathi\desktop\projects\cs\revengecs\x64\release\revengecs.exe
c:\users\mathi\desktop\projects\cs\revengecs\x64\release\revengecs.pdb
c:\users\mathi\desktop\projects\cs\revengecs\x64\release\intermediate\revengecs.ipdb
c:\users\mathi\desktop\projects\cs\revengecs\x64\release\intermediate\revengecs.iobj
c:\users\mathi\desktop\projects\cs\revengecs\x64\release\intermediate\revengecs.vcxproj.filelistabsolute.txt
c:\users\mathi\desktop\projects\cs\revengecs\x64\release\intermediate\revengecs.tlog\cl.command.1.tlog
c:\users\mathi\desktop\projects\cs\revengecs\x64\release\intermediate\revengecs.tlog\cl.items.tlog
c:\users\mathi\desktop\projects\cs\revengecs\x64\release\intermediate\revengecs.tlog\cl.read.1.tlog
c:\users\mathi\desktop\projects\cs\revengecs\x64\release\intermediate\revengecs.tlog\cl.write.1.tlog
c:\users\mathi\desktop\projects\cs\revengecs\x64\release\intermediate\revengecs.tlog\link.command.1.tlog
c:\users\mathi\desktop\projects\cs\revengecs\x64\release\intermediate\revengecs.tlog\link.read.1.tlog
c:\users\mathi\desktop\projects\cs\revengecs\x64\release\intermediate\revengecs.tlog\link.secondary.1.tlog
c:\users\mathi\desktop\projects\cs\revengecs\x64\release\intermediate\revengecs.tlog\link.write.1.tlog
